<?xml version="1.0" encoding="UTF-8"?>
<!-- Generated by org.testng.reporters.JUnitReportReporter -->
<testsuite hostname="Yogesh" failures="0" tests="3" name="com.crm.qa.testcases.LoginPageTest" time="79.364" errors="0" timestamp="2022-08-15T17:04:00 IST" skipped="0">
  <testcase classname="com.crm.qa.testcases.LoginPageTest" name="loginPageTitleTest" time="17.028"/>
  <system-out/>
  <testcase classname="com.crm.qa.testcases.LoginPageTest" name="crmImageLogoTest" time="30.189"/>
  <system-out/>
  <testcase classname="com.crm.qa.testcases.LoginPageTest" name="loginTest" time="32.147"/>
  <system-out/>
</testsuite> <!-- com.crm.qa.testcases.LoginPageTest -->
